c:\users\legolaptop\documents\visual studio 2013\projects\kinect projects\visualization\visualization\x64\debug\vc120.pdb
c:\users\legolaptop\documents\visual studio 2013\projects\kinect projects\visualization\visualization\x64\debug\visualization.obj
c:\users\legolaptop\documents\visual studio 2013\projects\kinect projects\visualization\visualization\x64\debug\trackeduser.obj
c:\users\legolaptop\documents\visual studio 2013\projects\kinect projects\visualization\visualization\x64\debug\myinteractionclient.obj
c:\users\legolaptop\documents\visual studio 2013\projects\kinect projects\visualization\visualization\x64\debug\main.obj
c:\users\legolaptop\documents\visual studio 2013\projects\kinect projects\visualization\visualization\x64\debug\kinectinterface.obj
c:\users\legolaptop\documents\visual studio 2013\projects\kinect projects\visualization\visualization\x64\debug\moc_visualization.obj
c:\users\legolaptop\documents\visual studio 2013\projects\kinect projects\visualization\visualization\x64\debug\coordinate.obj
c:\users\legolaptop\documents\visual studio 2013\projects\kinect projects\visualization\visualization\x64\debug\qrc_visualization.obj
c:\users\legolaptop\documents\visual studio 2013\projects\kinect projects\visualization\visualization\generatedfiles\debug\moc_visualization.cpp
c:\users\legolaptop\documents\visual studio 2013\projects\kinect projects\visualization\visualization\generatedfiles\qrc_visualization.cpp
c:\users\legolaptop\documents\visual studio 2013\projects\kinect projects\visualization\visualization\generatedfiles\ui_visualization.h
c:\users\legolaptop\documents\visual studio 2013\projects\kinect projects\visualization\x64\debug\visualization.ilk
c:\users\legolaptop\documents\visual studio 2013\projects\kinect projects\visualization\x64\debug\visualization.exe
c:\users\legolaptop\documents\visual studio 2013\projects\kinect projects\visualization\x64\debug\visualization.pdb
c:\users\legolaptop\documents\visual studio 2013\projects\kinect projects\visualization\visualization\x64\debug\visualization.tlog\cl.command.1.tlog
c:\users\legolaptop\documents\visual studio 2013\projects\kinect projects\visualization\visualization\x64\debug\visualization.tlog\cl.read.1.tlog
c:\users\legolaptop\documents\visual studio 2013\projects\kinect projects\visualization\visualization\x64\debug\visualization.tlog\cl.write.1.tlog
c:\users\legolaptop\documents\visual studio 2013\projects\kinect projects\visualization\visualization\x64\debug\visualization.tlog\custombuild.command.1.tlog
c:\users\legolaptop\documents\visual studio 2013\projects\kinect projects\visualization\visualization\x64\debug\visualization.tlog\custombuild.read.1.tlog
c:\users\legolaptop\documents\visual studio 2013\projects\kinect projects\visualization\visualization\x64\debug\visualization.tlog\custombuild.write.1.tlog
c:\users\legolaptop\documents\visual studio 2013\projects\kinect projects\visualization\visualization\x64\debug\visualization.tlog\link.command.1.tlog
c:\users\legolaptop\documents\visual studio 2013\projects\kinect projects\visualization\visualization\x64\debug\visualization.tlog\link.read.1.tlog
c:\users\legolaptop\documents\visual studio 2013\projects\kinect projects\visualization\visualization\x64\debug\visualization.tlog\link.write.1.tlog
